<?xml version="1.0" encoding="UTF-8"?>
<!-- Generated by org.testng.reporters.JUnitReportReporter -->
<testsuite hostname="LAPTOP-EEAS1CV9" failures="0" tests="4" name="DWSRegister.AmazonRegister" time="33.095" errors="0" timestamp="2023-06-10T14:54:40 IST" skipped="0">
  <testcase classname="DWSRegister.AmazonRegister" name="Register" time="9.150"/>
  <system-out/>
  <testcase classname="DWSRegister.AmazonRegister" name="Register" time="7.823"/>
  <system-out/>
  <testcase classname="DWSRegister.AmazonRegister" name="Register" time="8.022"/>
  <system-out/>
  <testcase classname="DWSRegister.AmazonRegister" name="Register" time="8.100"/>
  <system-out/>
</testsuite> <!-- DWSRegister.AmazonRegister -->
