<?xml version="1.0" encoding="UTF-8"?>
<!-- Generated by org.testng.reporters.JUnitReportReporter -->
<testsuite hostname="LAPTOP-EEAS1CV9" failures="0" tests="2" name="testcases.Logout" time="9.031" errors="0" timestamp="2023-06-05T11:00:42 IST" skipped="0">
  <testcase classname="testcases.Logout" name="login" time="7.263"/>
  <system-out/>
  <testcase classname="testcases.Logout" name="logout" time="1.768"/>
  <system-out/>
</testsuite> <!-- testcases.Logout -->
