<?xml version="1.0" encoding="UTF-8"?>
<!-- Generated by org.testng.reporters.JUnitReportReporter -->
<testsuite hostname="LAPTOP-EEAS1CV9" failures="0" tests="1" name="testcases.DWS_SearchTC" time="16.743" errors="0" timestamp="2023-06-02T10:53:03 IST" skipped="0">
  <testcase classname="testcases.DWS_SearchTC" name="Search" time="16.743"/>
  <system-out/>
</testsuite> <!-- testcases.DWS_SearchTC -->
