<?xml version="1.0" encoding="UTF-8"?>
<!-- Generated by org.testng.reporters.JUnitReportReporter -->
<testsuite hostname="LAPTOP-EEAS1CV9" failures="0" tests="2" name="testcases.DWS_Community_Poll" time="14.364" errors="0" timestamp="2023-06-02T10:53:03 IST" skipped="1">
  <testcase classname="testcases.DWS_Community_Poll" name="vote" time="14.364"/>
  <system-out/>
  <testcase classname="testcases.DWS_Community_Poll" name="login">
    <skipped/>
  </testcase> <!-- login -->
  <system-out/>
</testsuite> <!-- testcases.DWS_Community_Poll -->
