<?xml version="1.0" encoding="UTF-8"?>
<!-- Generated by org.testng.reporters.JUnitReportReporter -->
<testsuite hostname="LAPTOP-EEAS1CV9" failures="0" tests="1" name="testcases.SS_Login" time="11.621" errors="0" timestamp="2023-06-10T15:50:15 IST" skipped="0">
  <testcase classname="testcases.SS_Login" name="login" time="11.621"/>
  <system-out/>
</testsuite> <!-- testcases.SS_Login -->
