<?xml version="1.0" encoding="UTF-8"?>
<!-- Generated by org.testng.reporters.JUnitReportReporter -->
<testsuite hostname="LAPTOP-EEAS1CV9" failures="0" tests="4" name="DWSRegister.Register" time="20.218" errors="0" timestamp="2023-06-10T12:00:34 IST" skipped="0">
  <testcase classname="DWSRegister.Register" name="Registerdata" time="5.126"/>
  <system-out/>
  <testcase classname="DWSRegister.Register" name="Registerdata" time="5.050"/>
  <system-out/>
  <testcase classname="DWSRegister.Register" name="Registerdata" time="5.688"/>
  <system-out/>
  <testcase classname="DWSRegister.Register" name="Registerdata" time="4.354"/>
  <system-out/>
</testsuite> <!-- DWSRegister.Register -->
